<?xml version="1.0" encoding="UTF-8"?>
<!-- Generated by org.testng.reporters.JUnitXMLReporter -->
<testsuite ignored="0" hostname="DESKTOP-TLKEIFQ" failures="0" tests="4" name="Buylist Upload" time="31.093" errors="0" timestamp="2023-07-19T20:38:12 ADT">
  <testcase classname="com.facetofacegames.UploadBuylist" name="uploadBuylist" time="9.218"/>
  <testcase classname="com.facetofacegames.UploadBuylist" name="uploadBuylist" time="7.017"/>
  <testcase classname="com.facetofacegames.UploadBuylist" name="uploadBuylist" time="7.778"/>
  <testcase classname="com.facetofacegames.UploadBuylist" name="uploadBuylist" time="7.048"/>
</testsuite> <!-- Buylist Upload -->
