<?xml version="1.0" encoding="UTF-8"?>
<!-- Generated by org.testng.reporters.JUnitXMLReporter -->
<testsuite ignored="0" hostname="DESKTOP-TLKEIFQ" failures="0" tests="4" name="Buylist Upload" time="8.114" errors="0" timestamp="2023-06-20T17:28:46 ADT">
  <testcase classname="com.facetofacegames.UploadBuylist" name="uploadBuylist" time="3.13"/>
  <testcase classname="com.facetofacegames.UploadBuylist" name="uploadBuylist" time="1.723"/>
  <testcase classname="com.facetofacegames.UploadBuylist" name="uploadBuylist" time="1.634"/>
  <testcase classname="com.facetofacegames.UploadBuylist" name="uploadBuylist" time="1.596"/>
</testsuite> <!-- Buylist Upload -->
