<?xml version="1.0" encoding="UTF-8"?>
<testng-results ignored="0" total="4" passed="4" failed="0" skipped="0">
  <reporter-output>
  </reporter-output>
  <suite started-at="2023-06-14T21:09:48 ADT" name="Debug" finished-at="2023-06-14T21:09:57 ADT" duration-ms="9611">
    <groups>
    </groups>
    <test started-at="2023-06-14T21:09:48 ADT" name="Buylist Upload" finished-at="2023-06-14T21:09:57 ADT" duration-ms="9611">
      <class name="com.facetofacegames.UploadBuylist">
        <test-method is-config="true" signature="setUp(java.lang.reflect.Method,java.lang.String,java.lang.String,java.lang.String,org.testng.ITestContext)[pri:0, instance:com.facetofacegames.UploadBuylist@5e0e82ae]" started-at="2023-06-14T21:09:46 ADT" name="setUp" finished-at="2023-06-14T21:09:48 ADT" duration-ms="1485" status="PASS">
          <params>
            <param index="0">
              <value is-null="true"/>
            </param>
            <param index="1">
              <value>
                <![CDATA[chrome]]>
              </value>
            </param>
            <param index="2">
              <value is-null="true"/>
            </param>
            <param index="3">
              <value is-null="true"/>
            </param>
            <param index="4">
              <value>
                <![CDATA[org.testng.TestRunner@3a22bad6]]>
              </value>
            </param>
          </params>
          <reporter-output>
          </reporter-output>
        </test-method> <!-- setUp -->
        <test-method signature="uploadBuylist(java.lang.String,java.lang.String,java.lang.String,java.lang.String)[pri:0, instance:com.facetofacegames.UploadBuylist@5e0e82ae]" started-at="2023-06-14T21:09:48 ADT" name="uploadBuylist" data-provider="csvData" finished-at="2023-06-14T21:09:51 ADT" duration-ms="3674" status="PASS">
          <params>
            <param index="0">
              <value>
                <![CDATA[1]]>
              </value>
            </param>
            <param index="1">
              <value>
                <![CDATA[Emrakul, the Aeons Torn]]>
              </value>
            </param>
            <param index="2">
              <value>
                <![CDATA[Pro Tour Promos]]>
              </value>
            </param>
            <param index="3">
              <value>
                <![CDATA[Non-Foil]]>
              </value>
            </param>
          </params>
          <reporter-output>
          </reporter-output>
        </test-method> <!-- uploadBuylist -->
        <test-method signature="uploadBuylist(java.lang.String,java.lang.String,java.lang.String,java.lang.String)[pri:0, instance:com.facetofacegames.UploadBuylist@5e0e82ae]" started-at="2023-06-14T21:09:51 ADT" name="uploadBuylist" data-provider="csvData" finished-at="2023-06-14T21:09:53 ADT" duration-ms="1989" status="PASS">
          <params>
            <param index="0">
              <value>
                <![CDATA[1]]>
              </value>
            </param>
            <param index="1">
              <value>
                <![CDATA[Ulamog, the Ceaseless Hunger]]>
              </value>
            </param>
            <param index="2">
              <value>
                <![CDATA[Battle for Zendikar]]>
              </value>
            </param>
            <param index="3">
              <value>
                <![CDATA[Non-Foil]]>
              </value>
            </param>
          </params>
          <reporter-output>
          </reporter-output>
        </test-method> <!-- uploadBuylist -->
        <test-method signature="uploadBuylist(java.lang.String,java.lang.String,java.lang.String,java.lang.String)[pri:0, instance:com.facetofacegames.UploadBuylist@5e0e82ae]" started-at="2023-06-14T21:09:53 ADT" name="uploadBuylist" data-provider="csvData" finished-at="2023-06-14T21:09:55 ADT" duration-ms="2024" status="PASS">
          <params>
            <param index="0">
              <value>
                <![CDATA[1]]>
              </value>
            </param>
            <param index="1">
              <value>
                <![CDATA[Kozilek, Butcher of Truth]]>
              </value>
            </param>
            <param index="2">
              <value>
                <![CDATA[Rise of the Eldrazi]]>
              </value>
            </param>
            <param index="3">
              <value>
                <![CDATA[Non-Foil]]>
              </value>
            </param>
          </params>
          <reporter-output>
          </reporter-output>
        </test-method> <!-- uploadBuylist -->
        <test-method signature="uploadBuylist(java.lang.String,java.lang.String,java.lang.String,java.lang.String)[pri:0, instance:com.facetofacegames.UploadBuylist@5e0e82ae]" started-at="2023-06-14T21:09:55 ADT" name="uploadBuylist" data-provider="csvData" finished-at="2023-06-14T21:09:57 ADT" duration-ms="1889" status="PASS">
          <params>
            <param index="0">
              <value>
                <![CDATA[2]]>
              </value>
            </param>
            <param index="1">
              <value>
                <![CDATA[Wear // Tear]]>
              </value>
            </param>
            <param index="2">
              <value>
                <![CDATA[March of the Machine: Commander]]>
              </value>
            </param>
            <param index="3">
              <value>
                <![CDATA[Non-Foil]]>
              </value>
            </param>
          </params>
          <reporter-output>
          </reporter-output>
        </test-method> <!-- uploadBuylist -->
        <test-method is-config="true" signature="tearDown()[pri:0, instance:com.facetofacegames.UploadBuylist@5e0e82ae]" started-at="2023-06-14T21:09:57 ADT" name="tearDown" finished-at="2023-06-14T21:09:57 ADT" duration-ms="113" status="PASS">
          <reporter-output>
          </reporter-output>
        </test-method> <!-- tearDown -->
      </class> <!-- com.facetofacegames.UploadBuylist -->
    </test> <!-- Buylist Upload -->
  </suite> <!-- Debug -->
</testng-results>
