<?xml version="1.0" encoding="UTF-8"?>
<testng-results ignored="0" total="5" passed="5" failed="0" skipped="0">
  <reporter-output>
  </reporter-output>
  <suite started-at="2023-08-12T16:45:56 ADT" name="Debug" finished-at="2023-08-12T16:46:35 ADT" duration-ms="39356">
    <groups>
    </groups>
    <test started-at="2023-08-12T16:45:56 ADT" name="Buylist Upload" finished-at="2023-08-12T16:46:35 ADT" duration-ms="39356">
      <class name="com.facetofacegames.UploadBuylist">
        <test-method is-config="true" signature="setUp(java.lang.reflect.Method,java.lang.String,java.lang.String,java.lang.String,org.testng.ITestContext)[pri:0, instance:com.facetofacegames.UploadBuylist@5e0e82ae]" started-at="2023-08-12T16:45:55 ADT" name="setUp" finished-at="2023-08-12T16:45:56 ADT" duration-ms="1232" status="PASS">
          <params>
            <param index="0">
              <value is-null="true"/>
            </param>
            <param index="1">
              <value>
                <![CDATA[chrome]]>
              </value>
            </param>
            <param index="2">
              <value is-null="true"/>
            </param>
            <param index="3">
              <value is-null="true"/>
            </param>
            <param index="4">
              <value>
                <![CDATA[org.testng.TestRunner@1611ce1c]]>
              </value>
            </param>
          </params>
          <reporter-output>
          </reporter-output>
        </test-method> <!-- setUp -->
        <test-method signature="uploadBuylist(java.lang.String,java.lang.String,java.lang.String,java.lang.String)[pri:0, instance:com.facetofacegames.UploadBuylist@5e0e82ae]" started-at="2023-08-12T16:45:56 ADT" name="uploadBuylist" data-provider="csvData" finished-at="2023-08-12T16:46:05 ADT" duration-ms="9492" status="PASS">
          <params>
            <param index="0">
              <value>
                <![CDATA[2]]>
              </value>
            </param>
            <param index="1">
              <value>
                <![CDATA[Emrakul]]>
              </value>
            </param>
            <param index="2">
              <value>
                <![CDATA[Modern Masters 2015]]>
              </value>
            </param>
            <param index="3">
              <value>
                <![CDATA[Foil]]>
              </value>
            </param>
          </params>
          <reporter-output>
          </reporter-output>
        </test-method> <!-- uploadBuylist -->
        <test-method signature="uploadBuylist(java.lang.String,java.lang.String,java.lang.String,java.lang.String)[pri:0, instance:com.facetofacegames.UploadBuylist@5e0e82ae]" started-at="2023-08-12T16:46:05 ADT" name="uploadBuylist" data-provider="csvData" finished-at="2023-08-12T16:46:14 ADT" duration-ms="8678" status="PASS">
          <params>
            <param index="0">
              <value>
                <![CDATA[3]]>
              </value>
            </param>
            <param index="1">
              <value>
                <![CDATA[Ulamog]]>
              </value>
            </param>
            <param index="2">
              <value>
                <![CDATA[Battle for Zendikar]]>
              </value>
            </param>
            <param index="3">
              <value>
                <![CDATA[Foil]]>
              </value>
            </param>
          </params>
          <reporter-output>
          </reporter-output>
        </test-method> <!-- uploadBuylist -->
        <test-method signature="uploadBuylist(java.lang.String,java.lang.String,java.lang.String,java.lang.String)[pri:0, instance:com.facetofacegames.UploadBuylist@5e0e82ae]" started-at="2023-08-12T16:46:14 ADT" name="uploadBuylist" data-provider="csvData" finished-at="2023-08-12T16:46:23 ADT" duration-ms="8597" status="PASS">
          <params>
            <param index="0">
              <value>
                <![CDATA[2]]>
              </value>
            </param>
            <param index="1">
              <value>
                <![CDATA[Kozilek]]>
              </value>
            </param>
            <param index="2">
              <value>
                <![CDATA[Rise of the Eldrazi]]>
              </value>
            </param>
            <param index="3">
              <value>
                <![CDATA[Foil]]>
              </value>
            </param>
          </params>
          <reporter-output>
          </reporter-output>
        </test-method> <!-- uploadBuylist -->
        <test-method signature="uploadBuylist(java.lang.String,java.lang.String,java.lang.String,java.lang.String)[pri:0, instance:com.facetofacegames.UploadBuylist@5e0e82ae]" started-at="2023-08-12T16:46:23 ADT" name="uploadBuylist" data-provider="csvData" finished-at="2023-08-12T16:46:30 ADT" duration-ms="7496" status="PASS">
          <params>
            <param index="0">
              <value>
                <![CDATA[2]]>
              </value>
            </param>
            <param index="1">
              <value>
                <![CDATA[Wear // Tear]]>
              </value>
            </param>
            <param index="2">
              <value>
                <![CDATA[March of the Machine: Commander]]>
              </value>
            </param>
            <param index="3">
              <value>
                <![CDATA[Non-Foil]]>
              </value>
            </param>
          </params>
          <reporter-output>
          </reporter-output>
        </test-method> <!-- uploadBuylist -->
        <test-method signature="uploadBuylist(java.lang.String,java.lang.String,java.lang.String,java.lang.String)[pri:0, instance:com.facetofacegames.UploadBuylist@5e0e82ae]" started-at="2023-08-12T16:46:30 ADT" name="uploadBuylist" data-provider="csvData" finished-at="2023-08-12T16:46:35 ADT" duration-ms="5060" status="PASS">
          <params>
            <param index="0">
              <value>
                <![CDATA[2]]>
              </value>
            </param>
            <param index="1">
              <value>
                <![CDATA[Afterlife]]>
              </value>
            </param>
            <param index="2">
              <value>
                <![CDATA[Mercadian Masques]]>
              </value>
            </param>
            <param index="3">
              <value>
                <![CDATA[Non-Foil]]>
              </value>
            </param>
          </params>
          <reporter-output>
          </reporter-output>
        </test-method> <!-- uploadBuylist -->
        <test-method is-config="true" signature="tearDown()[pri:0, instance:com.facetofacegames.UploadBuylist@5e0e82ae]" started-at="2023-08-12T16:46:35 ADT" name="tearDown" finished-at="2023-08-12T16:46:35 ADT" duration-ms="130" status="PASS">
          <reporter-output>
          </reporter-output>
        </test-method> <!-- tearDown -->
      </class> <!-- com.facetofacegames.UploadBuylist -->
    </test> <!-- Buylist Upload -->
  </suite> <!-- Debug -->
</testng-results>
